<?xml version="1.0" encoding="UTF-8"?>
<!-- Generated by org.testng.reporters.JUnitReportReporter -->
<testsuite skipped="0" hostname="DESKTOP-E4SG70C" name="com.bankingproject_V001.testCases.VerifyingChangePasswordAndLogin_003" tests="2" failures="0" timestamp="14 Jun 2020 23:26:28 GMT" time="37.931" errors="0">
  <testcase name="verifyingUserRedirectedToPasswordChangeIsShown" time="5.169" classname="com.bankingproject_V001.testCases.VerifyingChangePasswordAndLogin_003"/>
  <testcase name="verifyingPopUpMsgAfterProvidingOldPassword" time="32.762" classname="com.bankingproject_V001.testCases.VerifyingChangePasswordAndLogin_003"/>
</testsuite> <!-- com.bankingproject_V001.testCases.VerifyingChangePasswordAndLogin_003 -->
