<?xml version="1.0" encoding="UTF-8"?>
<!-- Generated by org.testng.reporters.JUnitReportReporter -->
<testsuite skipped="0" hostname="DESKTOP-E4SG70C" name="com.bankingproject_V001.testCases.VerifyCustomerDetailsAppearOnTheCustomizedStatement_009" tests="1" failures="0" timestamp="22 Jun 2020 16:50:47 GMT" time="44.091" errors="0">
  <testcase name="verifyingCustomerDetailsAppearOnTheCustomizedStatement" time="44.091" classname="com.bankingproject_V001.testCases.VerifyCustomerDetailsAppearOnTheCustomizedStatement_009"/>
</testsuite> <!-- com.bankingproject_V001.testCases.VerifyCustomerDetailsAppearOnTheCustomizedStatement_009 -->
