<?xml version="1.0" encoding="UTF-8"?>
<!-- Generated by org.testng.reporters.JUnitReportReporter -->
<testsuite skipped="0" hostname="DESKTOP-E4SG70C" name="com.bankingproject_V001.testCases.VerifyLoginSectionWithMultipleDataSet_002" tests="4" failures="0" timestamp="12 Jun 2020 20:33:46 GMT" time="32.469" errors="0">
  <testcase name="verifyingLoginTest" time="19.143" classname="com.bankingproject_V001.testCases.VerifyLoginSectionWithMultipleDataSet_002"/>
  <testcase name="verifyingLoginTest" time="4.168" classname="com.bankingproject_V001.testCases.VerifyLoginSectionWithMultipleDataSet_002"/>
  <testcase name="verifyingLoginTest" time="4.469" classname="com.bankingproject_V001.testCases.VerifyLoginSectionWithMultipleDataSet_002"/>
  <testcase name="verifyingLoginTest" time="4.689" classname="com.bankingproject_V001.testCases.VerifyLoginSectionWithMultipleDataSet_002"/>
</testsuite> <!-- com.bankingproject_V001.testCases.VerifyLoginSectionWithMultipleDataSet_002 -->
