<?xml version="1.0" encoding="UTF-8"?>
<!-- Generated by org.testng.reporters.JUnitReportReporter -->
<testsuite skipped="0" hostname="DESKTOP-E4SG70C" name="com.bankingproject_V001.testCases.VerifyingAfterPasswordIsChangedPageIsRedirectedToLoginPage_004" tests="2" failures="0" timestamp="14 Jun 2020 23:26:28 GMT" time="39.033" errors="0">
  <testcase name="verifyingPopUpMsgAfterProvidingCorrectPassword" time="34.986" classname="com.bankingproject_V001.testCases.VerifyingAfterPasswordIsChangedPageIsRedirectedToLoginPage_004"/>
  <testcase name="verifyingRedirectedToLoginPageShown" time="4.047" classname="com.bankingproject_V001.testCases.VerifyingAfterPasswordIsChangedPageIsRedirectedToLoginPage_004"/>
</testsuite> <!-- com.bankingproject_V001.testCases.VerifyingAfterPasswordIsChangedPageIsRedirectedToLoginPage_004 -->
