<?xml version="1.0" encoding="UTF-8"?>
<!-- Generated by org.testng.reporters.JUnitReportReporter -->
<testsuite skipped="0" hostname="DESKTOP-E4SG70C" name="com.bankingproject_V001.testCases.VerifySystemBehaviourWhenManagerEntersWrongAccountNumberDuringFundTransfer_010" tests="1" failures="0" timestamp="23 Jun 2020 16:17:28 GMT" time="45.045" errors="0">
  <testcase name="verifyingPopUpMsgAfterEnteringwrongAccountNumberDuringFundTransfer" time="45.045" classname="com.bankingproject_V001.testCases.VerifySystemBehaviourWhenManagerEntersWrongAccountNumberDuringFundTransfer_010"/>
</testsuite> <!-- com.bankingproject_V001.testCases.VerifySystemBehaviourWhenManagerEntersWrongAccountNumberDuringFundTransfer_010 -->
