<?xml version="1.0" encoding="UTF-8"?>
<!-- Generated by org.testng.reporters.JUnitReportReporter -->
<testsuite skipped="0" hostname="DESKTOP-E4SG70C" name="com.bankingproject_V001.testCases.VerifyFundTransferForSameAccountNUmber_011" tests="1" failures="0" timestamp="24 Jun 2020 15:25:41 GMT" time="58.036" errors="0">
  <testcase name="verifingFundTransferForSameAccountNumber" time="58.036" classname="com.bankingproject_V001.testCases.VerifyFundTransferForSameAccountNUmber_011"/>
</testsuite> <!-- com.bankingproject_V001.testCases.VerifyFundTransferForSameAccountNUmber_011 -->
