<?xml version="1.0" encoding="UTF-8"?>
<!-- Generated by org.testng.reporters.JUnitReportReporter -->
<testsuite skipped="0" hostname="DESKTOP-E4SG70C" name="com.bankingproject_V001.testCases.VerifySuccessfullLogin_001" tests="2" failures="0" timestamp="13 Jun 2020 15:30:22 GMT" time="29.324" errors="0">
  <testcase name="verifyingManagerIdAfterLoginIn" time="5.743" classname="com.bankingproject_V001.testCases.VerifySuccessfullLogin_001"/>
  <testcase name="verifyingLoginIsSuccessfull" time="23.581" classname="com.bankingproject_V001.testCases.VerifySuccessfullLogin_001"/>
</testsuite> <!-- com.bankingproject_V001.testCases.VerifySuccessfullLogin_001 -->
