<?xml version="1.0" encoding="UTF-8"?>
<!-- Generated by org.testng.reporters.JUnitReportReporter -->
<testsuite skipped="0" hostname="DESKTOP-E4SG70C" name="com.bankingproject_V001.testCases.VerifyUserCanLoginWIthTheNewPasswordAfterPasswordHasChanged_005" tests="1" failures="0" timestamp="14 Jun 2020 23:26:28 GMT" time="18.844" errors="0">
  <testcase name="verifyingUserCanLoginWithTheNewPassword" time="18.844" classname="com.bankingproject_V001.testCases.VerifyUserCanLoginWIthTheNewPasswordAfterPasswordHasChanged_005"/>
</testsuite> <!-- com.bankingproject_V001.testCases.VerifyUserCanLoginWIthTheNewPasswordAfterPasswordHasChanged_005 -->
