<?xml version="1.0" encoding="UTF-8"?>
<!-- Generated by org.testng.reporters.JUnitReportReporter -->
<testsuite skipped="0" hostname="DESKTOP-E4SG70C" name="com.bankingproject_V001.testCases.VerifyFundTransferIsDone_008" tests="2" failures="0" timestamp="19 Jun 2020 02:29:35 GMT" time="66.403" errors="0">
  <testcase name="verifyingPageIsRedirectingToFundTransferDetaisPage" time="8.090" classname="com.bankingproject_V001.testCases.VerifyFundTransferIsDone_008"/>
  <testcase name="verifyingFundTransferIsSuccessful" time="58.313" classname="com.bankingproject_V001.testCases.VerifyFundTransferIsDone_008"/>
</testsuite> <!-- com.bankingproject_V001.testCases.VerifyFundTransferIsDone_008 -->
