<?xml version="1.0" encoding="UTF-8"?>
<!-- Generated by org.testng.reporters.JUnitReportReporter -->
<testsuite skipped="0" hostname="DESKTOP-E4SG70C" name="com.bankingproject_V001.testCases.VerifyAfterAddingNewCustomerPageRedirectsToDetailsOfAddedCustomer_006" tests="1" failures="0" timestamp="16 Jun 2020 04:31:03 GMT" time="66.945" errors="0">
  <testcase name="verifyingDetailsOfAddedCustomerMustBeShown" time="66.945" classname="com.bankingproject_V001.testCases.VerifyAfterAddingNewCustomerPageRedirectsToDetailsOfAddedCustomer_006"/>
</testsuite> <!-- com.bankingproject_V001.testCases.VerifyAfterAddingNewCustomerPageRedirectsToDetailsOfAddedCustomer_006 -->
